Using pre-set license
Built from '2020.3/staging' branch; Version is '2020.3.18f1 (a7d1c678663c) revision 10998214'; Using compiler version '192528614'; Build Type 'Release'
OS: 'Windows 10 Education; OS build 19044.1706; Version 2009; 64bit' Language: 'en' Physical Memory: 32475 MB
BatchMode: 1, IsHumanControllingUs: 0, StartBugReporterOnCrash: 0, Is64bit: 1, IsPro: 0

COMMAND LINE ARGUMENTS:
C:\Program Files\Unity\Editor\Unity.exe
-adb2
-batchMode
-noUpm
-name
AssetImportWorker0
-projectPath
F:/Unity Projects/Roll a Ball
-logFile
Logs/AssetImportWorker0.log
-srvPort
60264
Successfully changed project path to: F:/Unity Projects/Roll a Ball
F:/Unity Projects/Roll a Ball
Using Asset Import Pipeline V2.
Refreshing native plugins compatible for Editor in 22.68 ms, found 2 plugins.
Preloading 0 native plugins for Editor in 0.00 ms.
Initialize engine version: 2020.3.18f1 (a7d1c678663c)
[Subsystems] Discovering subsystems at path C:/Program Files/Unity/Editor/Data/Resources/UnitySubsystems
[Subsystems] Discovering subsystems at path F:/Unity Projects/Roll a Ball/Assets
GfxDevice: creating device client; threaded=0
Direct3D:
    Version:  Direct3D 11.0 [level 11.1]
    Renderer: NVIDIA Quadro P400 (ID=0x1cb3)
    Vendor:   
    VRAM:     1981 MB
    Driver:   30.0.14.7168
Initialize mono
Mono path[0] = 'C:/Program Files/Unity/Editor/Data/Managed'
Mono path[1] = 'C:/Program Files/Unity/Editor/Data/MonoBleedingEdge/lib/mono/unityjit'
Mono config path = 'C:/Program Files/Unity/Editor/Data/MonoBleedingEdge/etc'
Using monoOptions --debugger-agent=transport=dt_socket,embedding=1,server=y,suspend=n,address=127.0.0.1:56692
Begin MonoManager ReloadAssembly
Registering precompiled unity dll's ...
Register platform support module: C:/Program Files/Unity/Editor/Data/PlaybackEngines/WebGLSupport/UnityEditor.WebGL.Extensions.dll
Register platform support module: C:/Program Files/Unity/Editor/Data/PlaybackEngines/WindowsStandaloneSupport/UnityEditor.WindowsStandalone.Extensions.dll
Registered in 0.001642 seconds.
Native extension for WindowsStandalone target not found
Native extension for WebGL target not found
Refreshing native plugins compatible for Editor in 22.31 ms, found 2 plugins.
Preloading 0 native plugins for Editor in 0.00 ms.
Mono: successfully reloaded assembly
- Completed reload, in  0.800 seconds
Domain Reload Profiling:
	ReloadAssembly (800ms)
		BeginReloadAssembly (37ms)
			ExecutionOrderSort (0ms)
			DisableScriptedObjects (0ms)
			BackupInstance (0ms)
			ReleaseScriptingObjects (0ms)
			CreateAndSetChildDomain (1ms)
		EndReloadAssembly (293ms)
			LoadAssemblies (36ms)
			RebuildTransferFunctionScriptingTraits (0ms)
			SetupTypeCache (112ms)
			ReleaseScriptCaches (0ms)
			RebuildScriptCaches (22ms)
			SetupLoadedEditorAssemblies (110ms)
				LogAssemblyErrors (0ms)
				InitializePlatformSupportModulesInManaged (3ms)
				SetLoadedEditorAssemblies (0ms)
				RefreshPlugins (22ms)
				BeforeProcessingInitializeOnLoad (6ms)
				ProcessInitializeOnLoadAttributes (58ms)
				ProcessInitializeOnLoadMethodAttributes (20ms)
				AfterProcessingInitializeOnLoad (0ms)
				EditorAssembliesLoaded (0ms)
			ExecutionOrderSort2 (0ms)
			AwakeInstancesAfterBackupRestoration (0ms)
Platform modules already initialized, skipping
Registering precompiled user dll's ...
Registered in 0.001386 seconds.
Begin MonoManager ReloadAssembly
Native extension for WindowsStandalone target not found
Native extension for WebGL target not found
Refreshing native plugins compatible for Editor in 0.26 ms, found 2 plugins.
Preloading 0 native plugins for Editor in 0.00 ms.
Mono: successfully reloaded assembly
- Completed reload, in  0.706 seconds
Domain Reload Profiling:
	ReloadAssembly (707ms)
		BeginReloadAssembly (105ms)
			ExecutionOrderSort (0ms)
			DisableScriptedObjects (3ms)
			BackupInstance (0ms)
			ReleaseScriptingObjects (0ms)
			CreateAndSetChildDomain (13ms)
		EndReloadAssembly (557ms)
			LoadAssemblies (58ms)
			RebuildTransferFunctionScriptingTraits (0ms)
			SetupTypeCache (197ms)
			ReleaseScriptCaches (0ms)
			RebuildScriptCaches (30ms)
			SetupLoadedEditorAssemblies (200ms)
				LogAssemblyErrors (0ms)
				InitializePlatformSupportModulesInManaged (4ms)
				SetLoadedEditorAssemblies (0ms)
				RefreshPlugins (0ms)
				BeforeProcessingInitializeOnLoad (37ms)
				ProcessInitializeOnLoadAttributes (151ms)
				ProcessInitializeOnLoadMethodAttributes (3ms)
				AfterProcessingInitializeOnLoad (5ms)
				EditorAssembliesLoaded (0ms)
			ExecutionOrderSort2 (0ms)
			AwakeInstancesAfterBackupRestoration (5ms)
Platform modules already initialized, skipping
========================================================================
Worker process is ready to serve import requests
Launched and connected shader compiler UnityShaderCompiler.exe after 0.05 seconds
Refreshing native plugins compatible for Editor in 0.26 ms, found 2 plugins.
Preloading 0 native plugins for Editor in 0.00 ms.
Unloading 1408 Unused Serialized files (Serialized files now loaded: 0)
System memory in use before: 77.3 MB.
System memory in use after: 77.4 MB.

Unloading 16 unused Assets to reduce memory usage. Loaded Objects now: 1859.
Total: 2.170100 ms (FindLiveObjects: 0.124800 ms CreateObjectMapping: 0.035300 ms MarkObjects: 1.967800 ms  DeleteObjects: 0.041500 ms)

AssetImportParameters requested are different than current active one (requested -> active):
  custom:framework-win-MediaFoundation: 216162199b28c13a410421893ffa2e32 -> 
  custom:video-decoder-ogg-theora: a1e56fd34408186e4bbccfd4996cb3dc -> 
  custom:container-muxer-webm: aa71ff27fc2769a1b78a27578f13a17b -> 
  custom:container-demuxer-webm: 4f35f7cbe854078d1ac9338744f61a02 -> 
  custom:container-demuxer-ogg: 62fdf1f143b41e24485cea50d1cbac27 -> 
  custom:video-encoder-webm-vp8: eb34c28f22e8b96e1ab97ce403110664 -> 
  custom:video-codec-MediaFoundation-h265: e54d7ab0439102e2317fc1e4b246158d -> 
  custom:video-decoder-webm-vp8: 9c59270c3fd7afecdb556c50c9e8de78 -> 
  custom:audio-decoder-ogg-vorbis: bf7c407c2cedff20999df2af8eb42d56 -> 
  custom:audio-encoder-webm-vorbis: bf7c407c2cedff20999df2af8eb42d56 -> 
========================================================================
Received Import Request.
  path: Assets/Scripts/SceneLoader2.cs
  artifactKey: Guid(e30616c5e89410e4fb691f0542c419d1) Importer(815301076,1909f56bfc062723c751e8b465ee728b)
Start importing Assets/Scripts/SceneLoader2.cs using Guid(e30616c5e89410e4fb691f0542c419d1) Importer(815301076,1909f56bfc062723c751e8b465ee728b)  -> (artifact id: '0ad3da2c223aa1e44506e913a0342b07') in 0.053353 seconds 
  Import took 0.055053 seconds .

========================================================================
Received Import Request.
  Time since last request: 0.000263 seconds.
  path: Assets/Scripts/SceneLoader.cs
  artifactKey: Guid(aa6410071c7419f4ebfb32a26895237b) Importer(815301076,1909f56bfc062723c751e8b465ee728b)
Start importing Assets/Scripts/SceneLoader.cs using Guid(aa6410071c7419f4ebfb32a26895237b) Importer(815301076,1909f56bfc062723c751e8b465ee728b)  -> (artifact id: '029aade2c3c37dd611c5b810a5a06826') in 0.034661 seconds 
  Import took 0.036239 seconds .

========================================================================
Received Import Request.
  Time since last request: 0.000244 seconds.
  path: Assets/Scripts/Rotater.cs
  artifactKey: Guid(ba748ff6b237ad54ca822b9b2b6dc2e0) Importer(815301076,1909f56bfc062723c751e8b465ee728b)
Start importing Assets/Scripts/Rotater.cs using Guid(ba748ff6b237ad54ca822b9b2b6dc2e0) Importer(815301076,1909f56bfc062723c751e8b465ee728b)  -> (artifact id: '29c92aaad15e33862949d08cc4fa601a') in 0.034866 seconds 
  Import took 0.036471 seconds .

========================================================================
Received Import Request.
  Time since last request: 0.487028 seconds.
  path: Assets/Scripts/SceneLoader3.cs
  artifactKey: Guid(5272f2da49ae61b43b0c7cf657d11723) Importer(815301076,1909f56bfc062723c751e8b465ee728b)
Start importing Assets/Scripts/SceneLoader3.cs using Guid(5272f2da49ae61b43b0c7cf657d11723) Importer(815301076,1909f56bfc062723c751e8b465ee728b)  -> (artifact id: '5c5e646121b05a65d11345eecdbfa2a3') in 1.065346 seconds 
  Import took 1.068644 seconds .

========================================================================
Received Import Request.
  Time since last request: 0.000253 seconds.
  path: Assets/Scripts/SceneLoader4.cs
  artifactKey: Guid(6b8cd62ffed38de40841a01cb08244b5) Importer(815301076,1909f56bfc062723c751e8b465ee728b)
Start importing Assets/Scripts/SceneLoader4.cs using Guid(6b8cd62ffed38de40841a01cb08244b5) Importer(815301076,1909f56bfc062723c751e8b465ee728b)  -> (artifact id: '17fab186645904d9c4cdd3ac9a683e08') in 0.035059 seconds 
  Import took 0.036681 seconds .

========================================================================
Received Import Request.
  Time since last request: 0.109321 seconds.
  path: Assets/Scripts/SceneLoader5.cs
  artifactKey: Guid(3dba00eeb916b5a49833e762aaf76373) Importer(815301076,1909f56bfc062723c751e8b465ee728b)
Start importing Assets/Scripts/SceneLoader5.cs using Guid(3dba00eeb916b5a49833e762aaf76373) Importer(815301076,1909f56bfc062723c751e8b465ee728b)  -> (artifact id: '922ed83b23a110c9082ea8d203a2e5be') in 1.013800 seconds 
  Import took 1.017012 seconds .

========================================================================
Received Import Request.
  Time since last request: 0.070647 seconds.
  path: Assets/Scripts/SceneLoader6.cs
  artifactKey: Guid(0eea7975b7aa094438cb49235beee223) Importer(815301076,1909f56bfc062723c751e8b465ee728b)
Start importing Assets/Scripts/SceneLoader6.cs using Guid(0eea7975b7aa094438cb49235beee223) Importer(815301076,1909f56bfc062723c751e8b465ee728b)  -> (artifact id: '1df8f903fc8ba0b8030a00ef5eb3acbb') in 0.036320 seconds 
  Import took 0.038095 seconds .

========================================================================
Received Import Request.
  Time since last request: 1.092629 seconds.
  path: Assets/Scripts/SneadsLevelSelector.cs
  artifactKey: Guid(1039d534693b6044d84c25fe0f6bc597) Importer(815301076,1909f56bfc062723c751e8b465ee728b)
Start importing Assets/Scripts/SneadsLevelSelector.cs using Guid(1039d534693b6044d84c25fe0f6bc597) Importer(815301076,1909f56bfc062723c751e8b465ee728b)  -> (artifact id: '5043529df88f2787f71c3b7076693764') in 0.035318 seconds 
  Import took 0.037089 seconds .

========================================================================
Received Import Request.
  Time since last request: 1.286246 seconds.
  path: Assets/Scripts/UIManager.cs
  artifactKey: Guid(931652f84796abd4e8eaaae38f2213d2) Importer(815301076,1909f56bfc062723c751e8b465ee728b)
Start importing Assets/Scripts/UIManager.cs using Guid(931652f84796abd4e8eaaae38f2213d2) Importer(815301076,1909f56bfc062723c751e8b465ee728b)  -> (artifact id: '936872666ee2b26fcab2a5553c367c25') in 0.038366 seconds 
  Import took 0.041548 seconds .

AssetImportWorkerClient::OnTransportError - code=2 error=End of file
